app/build/intermediates/manifest_merge_blame_file/debug/processDebugMainManifest/manifest-merger-blame-debug-report.txt
1<?xml version="1.0" encoding="utf-8"?>
2<manifest xmlns:android="http://schemas.android.com/apk/res/android"
3    package="com.example.tm"
4    android:versionCode="1"
5    android:versionName="1.0" >
6
7    <uses-sdk
8        android:minSdkVersion="24"
9        android:targetSdkVersion="34" />
10
11    <uses-feature
11-->src\main\AndroidManifest.xml:5:5-7:36
12        android:name="android.hardware.camera"
12-->src\main\AndroidManifest.xml:6:9-47
13        android:required="false" />
13-->src\main\AndroidManifest.xml:7:9-33
14
15    <uses-permission android:name="android.permission.INTERNET" />
15-->src\main\AndroidManifest.xml:9:5-67
15-->src\main\AndroidManifest.xml:9:22-64
16    <uses-permission android:name="android.permission.CAMERA" />
16-->src\main\AndroidManifest.xml:10:5-65
16-->src\main\AndroidManifest.xml:10:22-62
17    <uses-permission android:name="android.permission.WRITE_EXTERNAL_STORAGE" />
17-->src\main\AndroidManifest.xml:11:5-81
17-->src\main\AndroidManifest.xml:11:22-78
18    <uses-permission android:name="android.permission.READ_EXTERNAL_STORAGE" />
18-->src\main\AndroidManifest.xml:12:5-80
18-->src\main\AndroidManifest.xml:12:22-77
19    <uses-permission android:name="android.permission.ACCESS_NETWORK_STATE" />
19-->[com.google.firebase:firebase-auth:22.3.1] AndroidManifest.xml:26:5-79
19-->[com.google.firebase:firebase-auth:22.3.1] AndroidManifest.xml:26:22-76
20    <uses-permission android:name="android.permission.POST_NOTIFICATIONS" />
20-->[com.google.firebase:firebase-messaging:23.4.1] AndroidManifest.xml:23:5-77
20-->[com.google.firebase:firebase-messaging:23.4.1] AndroidManifest.xml:23:22-74
21    <uses-permission android:name="android.permission.WAKE_LOCK" /> <!-- Required by older versions of Google Play services to create IID tokens -->
21-->[com.google.firebase:firebase-messaging:23.4.1] AndroidManifest.xml:24:5-68
21-->[com.google.firebase:firebase-messaging:23.4.1] AndroidManifest.xml:24:22-65
22    <uses-permission android:name="com.google.android.c2dm.permission.RECEIVE" />
22-->[com.google.firebase:firebase-messaging:23.4.1] AndroidManifest.xml:26:5-82
22-->[com.google.firebase:firebase-messaging:23.4.1] AndroidManifest.xml:26:22-79
23    <uses-permission android:name="com.google.android.providers.gsf.permission.READ_GSERVICES" />
23-->[com.google.android.recaptcha:recaptcha:18.4.0] AndroidManifest.xml:9:5-98
23-->[com.google.android.recaptcha:recaptcha:18.4.0] AndroidManifest.xml:9:22-95
24    <uses-permission android:name="android.permission.REORDER_TASKS" />
24-->[androidx.test:core:1.5.0] AndroidManifest.xml:24:5-72
24-->[androidx.test:core:1.5.0] AndroidManifest.xml:24:22-69
25
26    <permission
26-->[androidx.core:core:1.12.0] AndroidManifest.xml:22:5-24:47
27        android:name="com.example.tm.DYNAMIC_RECEIVER_NOT_EXPORTED_PERMISSION"
27-->[androidx.core:core:1.12.0] AndroidManifest.xml:23:9-81
28        android:protectionLevel="signature" />
28-->[androidx.core:core:1.12.0] AndroidManifest.xml:24:9-44
29
30    <uses-permission android:name="com.example.tm.DYNAMIC_RECEIVER_NOT_EXPORTED_PERMISSION" />
30-->[androidx.core:core:1.12.0] AndroidManifest.xml:26:5-97
30-->[androidx.core:core:1.12.0] AndroidManifest.xml:26:22-94
31
32    <application
32-->src\main\AndroidManifest.xml:14:5-48:19
33        android:allowBackup="true"
33-->src\main\AndroidManifest.xml:15:9-35
34        android:appComponentFactory="androidx.core.app.CoreComponentFactory"
34-->[androidx.core:core:1.12.0] AndroidManifest.xml:28:18-86
35        android:dataExtractionRules="@xml/data_extraction_rules"
35-->src\main\AndroidManifest.xml:16:9-65
36        android:debuggable="true"
37        android:extractNativeLibs="false"
38        android:fullBackupContent="@xml/backup_rules"
38-->src\main\AndroidManifest.xml:17:9-54
39        android:icon="@mipmap/ic_launcher"
39-->src\main\AndroidManifest.xml:18:9-43
40        android:label="@string/app_name"
40-->src\main\AndroidManifest.xml:19:9-41
41        android:roundIcon="@mipmap/ic_launcher_round"
41-->src\main\AndroidManifest.xml:20:9-54
42        android:supportsRtl="true"
42-->src\main\AndroidManifest.xml:21:9-35
43        android:testOnly="true"
44        android:theme="@style/Theme.TM" >
44-->src\main\AndroidManifest.xml:22:9-40
45        <activity
45-->src\main\AndroidManifest.xml:24:9-26:40
46            android:name="com.example.tm.CategoryActivity"
46-->src\main\AndroidManifest.xml:25:13-45
47            android:exported="false" />
47-->src\main\AndroidManifest.xml:26:13-37
48        <activity
48-->src\main\AndroidManifest.xml:27:9-35:20
49            android:name="com.example.tm.MainActivity"
49-->src\main\AndroidManifest.xml:28:13-41
50            android:exported="true" >
50-->src\main\AndroidManifest.xml:29:13-36
51            <intent-filter>
51-->src\main\AndroidManifest.xml:30:13-34:29
52                <action android:name="android.intent.action.MAIN" />
52-->src\main\AndroidManifest.xml:31:17-69
52-->src\main\AndroidManifest.xml:31:25-66
53
54                <category android:name="android.intent.category.LAUNCHER" />
54-->src\main\AndroidManifest.xml:33:17-77
54-->src\main\AndroidManifest.xml:33:27-74
55            </intent-filter>
56        </activity>
57
58        <service
58-->src\main\AndroidManifest.xml:37:9-43:19
59            android:name="com.example.tm.utilities.MyFirebaseMessagingService"
59-->src\main\AndroidManifest.xml:38:13-65
60            android:exported="false" >
60-->src\main\AndroidManifest.xml:39:13-37
61            <intent-filter>
61-->src\main\AndroidManifest.xml:40:13-42:29
62                <action android:name="com.google.firebase.INSTANCE_ID_EVENT" />
62-->src\main\AndroidManifest.xml:41:17-80
62-->src\main\AndroidManifest.xml:41:25-77
63            </intent-filter>
64        </service>
65
66        <meta-data
66-->src\main\AndroidManifest.xml:45:9-47:57
67            android:name="preloaded_fonts"
67-->src\main\AndroidManifest.xml:46:13-43
68            android:resource="@array/preloaded_fonts" />
68-->src\main\AndroidManifest.xml:47:13-54
69
70        <activity
70-->[com.google.firebase:firebase-auth:22.3.1] AndroidManifest.xml:29:9-46:20
71            android:name="com.google.firebase.auth.internal.GenericIdpActivity"
71-->[com.google.firebase:firebase-auth:22.3.1] AndroidManifest.xml:30:13-80
72            android:excludeFromRecents="true"
72-->[com.google.firebase:firebase-auth:22.3.1] AndroidManifest.xml:31:13-46
73            android:exported="true"
73-->[com.google.firebase:firebase-auth:22.3.1] AndroidManifest.xml:32:13-36
74            android:launchMode="singleTask"
74-->[com.google.firebase:firebase-auth:22.3.1] AndroidManifest.xml:33:13-44
75            android:theme="@android:style/Theme.Translucent.NoTitleBar" >
75-->[com.google.firebase:firebase-auth:22.3.1] AndroidManifest.xml:34:13-72
76            <intent-filter>
76-->[com.google.firebase:firebase-auth:22.3.1] AndroidManifest.xml:35:13-45:29
77                <action android:name="android.intent.action.VIEW" />
77-->[com.google.firebase:firebase-auth:22.3.1] AndroidManifest.xml:36:17-69
77-->[com.google.firebase:firebase-auth:22.3.1] AndroidManifest.xml:36:25-66
78
79                <category android:name="android.intent.category.DEFAULT" />
79-->[com.google.firebase:firebase-auth:22.3.1] AndroidManifest.xml:38:17-76
79-->[com.google.firebase:firebase-auth:22.3.1] AndroidManifest.xml:38:27-73
80                <category android:name="android.intent.category.BROWSABLE" />
80-->[com.google.firebase:firebase-auth:22.3.1] AndroidManifest.xml:39:17-78
80-->[com.google.firebase:firebase-auth:22.3.1] AndroidManifest.xml:39:27-75
81
82                <data
82-->[com.google.firebase:firebase-auth:22.3.1] AndroidManifest.xml:41:17-44:51
83                    android:host="firebase.auth"
83-->[com.google.firebase:firebase-auth:22.3.1] AndroidManifest.xml:42:21-49
84                    android:path="/"
84-->[com.google.firebase:firebase-auth:22.3.1] AndroidManifest.xml:43:21-37
85                    android:scheme="genericidp" />
85-->[com.google.firebase:firebase-auth:22.3.1] AndroidManifest.xml:44:21-48
86            </intent-filter>
87        </activity>
88        <activity
88-->[com.google.firebase:firebase-auth:22.3.1] AndroidManifest.xml:47:9-64:20
89            android:name="com.google.firebase.auth.internal.RecaptchaActivity"
89-->[com.google.firebase:firebase-auth:22.3.1] AndroidManifest.xml:48:13-79
90            android:excludeFromRecents="true"
90-->[com.google.firebase:firebase-auth:22.3.1] AndroidManifest.xml:49:13-46
91            android:exported="true"
91-->[com.google.firebase:firebase-auth:22.3.1] AndroidManifest.xml:50:13-36
92            android:launchMode="singleTask"
92-->[com.google.firebase:firebase-auth:22.3.1] AndroidManifest.xml:51:13-44
93            android:theme="@android:style/Theme.Translucent.NoTitleBar" >
93-->[com.google.firebase:firebase-auth:22.3.1] AndroidManifest.xml:52:13-72
94            <intent-filter>
94-->[com.google.firebase:firebase-auth:22.3.1] AndroidManifest.xml:53:13-63:29
95                <action android:name="android.intent.action.VIEW" />
95-->[com.google.firebase:firebase-auth:22.3.1] AndroidManifest.xml:36:17-69
95-->[com.google.firebase:firebase-auth:22.3.1] AndroidManifest.xml:36:25-66
96
97                <category android:name="android.intent.category.DEFAULT" />
97-->[com.google.firebase:firebase-auth:22.3.1] AndroidManifest.xml:38:17-76
97-->[com.google.firebase:firebase-auth:22.3.1] AndroidManifest.xml:38:27-73
98                <category android:name="android.intent.category.BROWSABLE" />
98-->[com.google.firebase:firebase-auth:22.3.1] AndroidManifest.xml:39:17-78
98-->[com.google.firebase:firebase-auth:22.3.1] AndroidManifest.xml:39:27-75
99
100                <data
100-->[com.google.firebase:firebase-auth:22.3.1] AndroidManifest.xml:41:17-44:51
101                    android:host="firebase.auth"
101-->[com.google.firebase:firebase-auth:22.3.1] AndroidManifest.xml:42:21-49
102                    android:path="/"
102-->[com.google.firebase:firebase-auth:22.3.1] AndroidManifest.xml:43:21-37
103                    android:scheme="recaptcha" />
103-->[com.google.firebase:firebase-auth:22.3.1] AndroidManifest.xml:44:21-48
104            </intent-filter>
105        </activity>
106
107        <service
107-->[com.google.firebase:firebase-auth:22.3.1] AndroidManifest.xml:66:9-72:19
108            android:name="com.google.firebase.components.ComponentDiscoveryService"
108-->[com.google.firebase:firebase-auth:22.3.1] AndroidManifest.xml:67:13-84
109            android:directBootAware="true"
109-->[com.google.firebase:firebase-common:20.4.2] AndroidManifest.xml:32:13-43
110            android:exported="false" >
110-->[com.google.firebase:firebase-auth:22.3.1] AndroidManifest.xml:68:13-37
111            <meta-data
111-->[com.google.firebase:firebase-auth:22.3.1] AndroidManifest.xml:69:13-71:85
112                android:name="com.google.firebase.components:com.google.firebase.auth.FirebaseAuthRegistrar"
112-->[com.google.firebase:firebase-auth:22.3.1] AndroidManifest.xml:70:17-109
113                android:value="com.google.firebase.components.ComponentRegistrar" />
113-->[com.google.firebase:firebase-auth:22.3.1] AndroidManifest.xml:71:17-82
114            <meta-data
114-->[com.google.firebase:firebase-firestore:24.11.0] AndroidManifest.xml:17:13-19:85
115                android:name="com.google.firebase.components:com.google.firebase.firestore.FirebaseFirestoreKtxRegistrar"
115-->[com.google.firebase:firebase-firestore:24.11.0] AndroidManifest.xml:18:17-122
116                android:value="com.google.firebase.components.ComponentRegistrar" />
116-->[com.google.firebase:firebase-firestore:24.11.0] AndroidManifest.xml:19:17-82
117            <meta-data
117-->[com.google.firebase:firebase-firestore:24.11.0] AndroidManifest.xml:20:13-22:85
118                android:name="com.google.firebase.components:com.google.firebase.firestore.FirestoreRegistrar"
118-->[com.google.firebase:firebase-firestore:24.11.0] AndroidManifest.xml:21:17-111
119                android:value="com.google.firebase.components.ComponentRegistrar" />
119-->[com.google.firebase:firebase-firestore:24.11.0] AndroidManifest.xml:22:17-82
120            <meta-data
120-->[com.google.firebase:firebase-database:20.3.1] AndroidManifest.xml:29:13-31:85
121                android:name="com.google.firebase.components:com.google.firebase.database.FirebaseDatabaseKtxRegistrar"
121-->[com.google.firebase:firebase-database:20.3.1] AndroidManifest.xml:30:17-120
122                android:value="com.google.firebase.components.ComponentRegistrar" />
122-->[com.google.firebase:firebase-database:20.3.1] AndroidManifest.xml:31:17-82
123            <meta-data
123-->[com.google.firebase:firebase-database:20.3.1] AndroidManifest.xml:32:13-34:85
124                android:name="com.google.firebase.components:com.google.firebase.database.DatabaseRegistrar"
124-->[com.google.firebase:firebase-database:20.3.1] AndroidManifest.xml:33:17-109
125                android:value="com.google.firebase.components.ComponentRegistrar" />
125-->[com.google.firebase:firebase-database:20.3.1] AndroidManifest.xml:34:17-82
126            <meta-data
126-->[com.google.firebase:firebase-messaging-ktx:23.4.1] AndroidManifest.xml:26:13-28:85
127                android:name="com.google.firebase.components:com.google.firebase.messaging.ktx.FirebaseMessagingLegacyRegistrar"
127-->[com.google.firebase:firebase-messaging-ktx:23.4.1] AndroidManifest.xml:27:17-129
128                android:value="com.google.firebase.components.ComponentRegistrar" />
128-->[com.google.firebase:firebase-messaging-ktx:23.4.1] AndroidManifest.xml:28:17-82
129            <meta-data
129-->[com.google.firebase:firebase-messaging:23.4.1] AndroidManifest.xml:57:13-59:85
130                android:name="com.google.firebase.components:com.google.firebase.messaging.FirebaseMessagingKtxRegistrar"
130-->[com.google.firebase:firebase-messaging:23.4.1] AndroidManifest.xml:58:17-122
131                android:value="com.google.firebase.components.ComponentRegistrar" />
131-->[com.google.firebase:firebase-messaging:23.4.1] AndroidManifest.xml:59:17-82
132            <meta-data
132-->[com.google.firebase:firebase-messaging:23.4.1] AndroidManifest.xml:60:13-62:85
133                android:name="com.google.firebase.components:com.google.firebase.messaging.FirebaseMessagingRegistrar"
133-->[com.google.firebase:firebase-messaging:23.4.1] AndroidManifest.xml:61:17-119
134                android:value="com.google.firebase.components.ComponentRegistrar" />
134-->[com.google.firebase:firebase-messaging:23.4.1] AndroidManifest.xml:62:17-82
135            <meta-data
135-->[com.google.firebase:firebase-storage:20.3.0] AndroidManifest.xml:30:13-32:85
136                android:name="com.google.firebase.components:com.google.firebase.storage.FirebaseStorageKtxRegistrar"
136-->[com.google.firebase:firebase-storage:20.3.0] AndroidManifest.xml:31:17-118
137                android:value="com.google.firebase.components.ComponentRegistrar" />
137-->[com.google.firebase:firebase-storage:20.3.0] AndroidManifest.xml:32:17-82
138            <meta-data
138-->[com.google.firebase:firebase-storage:20.3.0] AndroidManifest.xml:33:13-35:85
139                android:name="com.google.firebase.components:com.google.firebase.storage.StorageRegistrar"
139-->[com.google.firebase:firebase-storage:20.3.0] AndroidManifest.xml:34:17-107
140                android:value="com.google.firebase.components.ComponentRegistrar" />
140-->[com.google.firebase:firebase-storage:20.3.0] AndroidManifest.xml:35:17-82
141            <meta-data
141-->[com.google.firebase:firebase-appcheck:17.1.0] AndroidManifest.xml:25:13-27:85
142                android:name="com.google.firebase.components:com.google.firebase.appcheck.FirebaseAppCheckKtxRegistrar"
142-->[com.google.firebase:firebase-appcheck:17.1.0] AndroidManifest.xml:26:17-120
143                android:value="com.google.firebase.components.ComponentRegistrar" />
143-->[com.google.firebase:firebase-appcheck:17.1.0] AndroidManifest.xml:27:17-82
144            <meta-data
144-->[com.google.firebase:firebase-appcheck:17.1.0] AndroidManifest.xml:28:13-30:85
145                android:name="com.google.firebase.components:com.google.firebase.appcheck.FirebaseAppCheckRegistrar"
145-->[com.google.firebase:firebase-appcheck:17.1.0] AndroidManifest.xml:29:17-117
146                android:value="com.google.firebase.components.ComponentRegistrar" />
146-->[com.google.firebase:firebase-appcheck:17.1.0] AndroidManifest.xml:30:17-82
147            <meta-data
147-->[com.google.firebase:firebase-installations:17.2.0] AndroidManifest.xml:15:13-17:85
148                android:name="com.google.firebase.components:com.google.firebase.installations.FirebaseInstallationsKtxRegistrar"
148-->[com.google.firebase:firebase-installations:17.2.0] AndroidManifest.xml:16:17-130
149                android:value="com.google.firebase.components.ComponentRegistrar" />
149-->[com.google.firebase:firebase-installations:17.2.0] AndroidManifest.xml:17:17-82
150            <meta-data
150-->[com.google.firebase:firebase-installations:17.2.0] AndroidManifest.xml:18:13-20:85
151                android:name="com.google.firebase.components:com.google.firebase.installations.FirebaseInstallationsRegistrar"
151-->[com.google.firebase:firebase-installations:17.2.0] AndroidManifest.xml:19:17-127
152                android:value="com.google.firebase.components.ComponentRegistrar" />
152-->[com.google.firebase:firebase-installations:17.2.0] AndroidManifest.xml:20:17-82
153            <meta-data
153-->[com.google.firebase:firebase-common-ktx:20.4.2] AndroidManifest.xml:12:13-14:85
154                android:name="com.google.firebase.components:com.google.firebase.ktx.FirebaseCommonLegacyRegistrar"
154-->[com.google.firebase:firebase-common-ktx:20.4.2] AndroidManifest.xml:13:17-116
155                android:value="com.google.firebase.components.ComponentRegistrar" />
155-->[com.google.firebase:firebase-common-ktx:20.4.2] AndroidManifest.xml:14:17-82
156            <meta-data
156-->[com.google.firebase:firebase-common:20.4.2] AndroidManifest.xml:35:13-37:85
157                android:name="com.google.firebase.components:com.google.firebase.FirebaseCommonKtxRegistrar"
157-->[com.google.firebase:firebase-common:20.4.2] AndroidManifest.xml:36:17-109
158                android:value="com.google.firebase.components.ComponentRegistrar" />
158-->[com.google.firebase:firebase-common:20.4.2] AndroidManifest.xml:37:17-82
159            <meta-data
159-->[com.google.firebase:firebase-datatransport:18.1.7] AndroidManifest.xml:27:13-29:85
160                android:name="com.google.firebase.components:com.google.firebase.datatransport.TransportRegistrar"
160-->[com.google.firebase:firebase-datatransport:18.1.7] AndroidManifest.xml:28:17-115
161                android:value="com.google.firebase.components.ComponentRegistrar" />
161-->[com.google.firebase:firebase-datatransport:18.1.7] AndroidManifest.xml:29:17-82
162        </service>
163
164        <receiver
164-->[com.google.firebase:firebase-messaging:23.4.1] AndroidManifest.xml:29:9-40:20
165            android:name="com.google.firebase.iid.FirebaseInstanceIdReceiver"
165-->[com.google.firebase:firebase-messaging:23.4.1] AndroidManifest.xml:30:13-78
166            android:exported="true"
166-->[com.google.firebase:firebase-messaging:23.4.1] AndroidManifest.xml:31:13-36
167            android:permission="com.google.android.c2dm.permission.SEND" >
167-->[com.google.firebase:firebase-messaging:23.4.1] AndroidManifest.xml:32:13-73
168            <intent-filter>
168-->[com.google.firebase:firebase-messaging:23.4.1] AndroidManifest.xml:33:13-35:29
169                <action android:name="com.google.android.c2dm.intent.RECEIVE" />
169-->[com.google.firebase:firebase-messaging:23.4.1] AndroidManifest.xml:34:17-81
169-->[com.google.firebase:firebase-messaging:23.4.1] AndroidManifest.xml:34:25-78
170            </intent-filter>
171
172            <meta-data
172-->[com.google.firebase:firebase-messaging:23.4.1] AndroidManifest.xml:37:13-39:40
173                android:name="com.google.android.gms.cloudmessaging.FINISHED_AFTER_HANDLED"
173-->[com.google.firebase:firebase-messaging:23.4.1] AndroidManifest.xml:38:17-92
174                android:value="true" />
174-->[com.google.firebase:firebase-messaging:23.4.1] AndroidManifest.xml:39:17-37
175        </receiver>
176        <!--
177             FirebaseMessagingService performs security checks at runtime,
178             but set to not exported to explicitly avoid allowing another app to call it.
179        -->
180        <service
180-->[com.google.firebase:firebase-messaging:23.4.1] AndroidManifest.xml:46:9-53:19
181            android:name="com.google.firebase.messaging.FirebaseMessagingService"
181-->[com.google.firebase:firebase-messaging:23.4.1] AndroidManifest.xml:47:13-82
182            android:directBootAware="true"
182-->[com.google.firebase:firebase-messaging:23.4.1] AndroidManifest.xml:48:13-43
183            android:exported="false" >
183-->[com.google.firebase:firebase-messaging:23.4.1] AndroidManifest.xml:49:13-37
184            <intent-filter android:priority="-500" >
184-->[com.google.firebase:firebase-messaging:23.4.1] AndroidManifest.xml:50:13-52:29
184-->[com.google.firebase:firebase-messaging:23.4.1] AndroidManifest.xml:50:28-51
185                <action android:name="com.google.firebase.MESSAGING_EVENT" />
185-->[com.google.firebase:firebase-messaging:23.4.1] AndroidManifest.xml:51:17-78
185-->[com.google.firebase:firebase-messaging:23.4.1] AndroidManifest.xml:51:25-75
186            </intent-filter>
187        </service>
188
189        <activity
189-->[com.google.android.gms:play-services-base:18.1.0] AndroidManifest.xml:20:9-22:45
190            android:name="com.google.android.gms.common.api.GoogleApiActivity"
190-->[com.google.android.gms:play-services-base:18.1.0] AndroidManifest.xml:20:19-85
191            android:exported="false"
191-->[com.google.android.gms:play-services-base:18.1.0] AndroidManifest.xml:22:19-43
192            android:theme="@android:style/Theme.Translucent.NoTitleBar" />
192-->[com.google.android.gms:play-services-base:18.1.0] AndroidManifest.xml:21:19-78
193
194        <provider
194-->[com.google.firebase:firebase-common:20.4.2] AndroidManifest.xml:23:9-28:39
195            android:name="com.google.firebase.provider.FirebaseInitProvider"
195-->[com.google.firebase:firebase-common:20.4.2] AndroidManifest.xml:24:13-77
196            android:authorities="com.example.tm.firebaseinitprovider"
196-->[com.google.firebase:firebase-common:20.4.2] AndroidManifest.xml:25:13-72
197            android:directBootAware="true"
197-->[com.google.firebase:firebase-common:20.4.2] AndroidManifest.xml:26:13-43
198            android:exported="false"
198-->[com.google.firebase:firebase-common:20.4.2] AndroidManifest.xml:27:13-37
199            android:initOrder="100" />
199-->[com.google.firebase:firebase-common:20.4.2] AndroidManifest.xml:28:13-36
200
201        <uses-library
201-->[androidx.window:window:1.0.0] AndroidManifest.xml:25:9-27:40
202            android:name="androidx.window.extensions"
202-->[androidx.window:window:1.0.0] AndroidManifest.xml:26:13-54
203            android:required="false" />
203-->[androidx.window:window:1.0.0] AndroidManifest.xml:27:13-37
204        <uses-library
204-->[androidx.window:window:1.0.0] AndroidManifest.xml:28:9-30:40
205            android:name="androidx.window.sidecar"
205-->[androidx.window:window:1.0.0] AndroidManifest.xml:29:13-51
206            android:required="false" />
206-->[androidx.window:window:1.0.0] AndroidManifest.xml:30:13-37
207
208        <activity
208-->[androidx.test:core:1.5.0] AndroidManifest.xml:27:9-34:20
209            android:name="androidx.test.core.app.InstrumentationActivityInvoker$BootstrapActivity"
209-->[androidx.test:core:1.5.0] AndroidManifest.xml:28:13-99
210            android:exported="true"
210-->[androidx.test:core:1.5.0] AndroidManifest.xml:29:13-36
211            android:theme="@style/WhiteBackgroundTheme" >
211-->[androidx.test:core:1.5.0] AndroidManifest.xml:30:13-56
212            <intent-filter android:priority="-100" >
212-->[androidx.test:core:1.5.0] AndroidManifest.xml:31:13-33:29
212-->[androidx.test:core:1.5.0] AndroidManifest.xml:31:28-51
213                <category android:name="android.intent.category.LAUNCHER" />
213-->src\main\AndroidManifest.xml:33:17-77
213-->src\main\AndroidManifest.xml:33:27-74
214            </intent-filter>
215        </activity>
216        <activity
216-->[androidx.test:core:1.5.0] AndroidManifest.xml:35:9-42:20
217            android:name="androidx.test.core.app.InstrumentationActivityInvoker$EmptyActivity"
217-->[androidx.test:core:1.5.0] AndroidManifest.xml:36:13-95
218            android:exported="true"
218-->[androidx.test:core:1.5.0] AndroidManifest.xml:37:13-36
219            android:theme="@style/WhiteBackgroundTheme" >
219-->[androidx.test:core:1.5.0] AndroidManifest.xml:38:13-56
220            <intent-filter android:priority="-100" >
220-->[androidx.test:core:1.5.0] AndroidManifest.xml:31:13-33:29
220-->[androidx.test:core:1.5.0] AndroidManifest.xml:31:28-51
221                <category android:name="android.intent.category.LAUNCHER" />
221-->src\main\AndroidManifest.xml:33:17-77
221-->src\main\AndroidManifest.xml:33:27-74
222            </intent-filter>
223        </activity>
224        <activity
224-->[androidx.test:core:1.5.0] AndroidManifest.xml:43:9-50:20
225            android:name="androidx.test.core.app.InstrumentationActivityInvoker$EmptyFloatingActivity"
225-->[androidx.test:core:1.5.0] AndroidManifest.xml:44:13-103
226            android:exported="true"
226-->[androidx.test:core:1.5.0] AndroidManifest.xml:45:13-36
227            android:theme="@style/WhiteBackgroundDialogTheme" >
227-->[androidx.test:core:1.5.0] AndroidManifest.xml:46:13-62
228            <intent-filter android:priority="-100" >
228-->[androidx.test:core:1.5.0] AndroidManifest.xml:31:13-33:29
228-->[androidx.test:core:1.5.0] AndroidManifest.xml:31:28-51
229                <category android:name="android.intent.category.LAUNCHER" />
229-->src\main\AndroidManifest.xml:33:17-77
229-->src\main\AndroidManifest.xml:33:27-74
230            </intent-filter>
231        </activity>
232
233        <provider
233-->[androidx.emoji2:emoji2:1.2.0] AndroidManifest.xml:24:9-32:20
234            android:name="androidx.startup.InitializationProvider"
234-->[androidx.emoji2:emoji2:1.2.0] AndroidManifest.xml:25:13-67
235            android:authorities="com.example.tm.androidx-startup"
235-->[androidx.emoji2:emoji2:1.2.0] AndroidManifest.xml:26:13-68
236            android:exported="false" >
236-->[androidx.emoji2:emoji2:1.2.0] AndroidManifest.xml:27:13-37
237            <meta-data
237-->[androidx.emoji2:emoji2:1.2.0] AndroidManifest.xml:29:13-31:52
238                android:name="androidx.emoji2.text.EmojiCompatInitializer"
238-->[androidx.emoji2:emoji2:1.2.0] AndroidManifest.xml:30:17-75
239                android:value="androidx.startup" />
239-->[androidx.emoji2:emoji2:1.2.0] AndroidManifest.xml:31:17-49
240            <meta-data
240-->[androidx.lifecycle:lifecycle-process:2.6.2] AndroidManifest.xml:29:13-31:52
241                android:name="androidx.lifecycle.ProcessLifecycleInitializer"
241-->[androidx.lifecycle:lifecycle-process:2.6.2] AndroidManifest.xml:30:17-78
242                android:value="androidx.startup" />
242-->[androidx.lifecycle:lifecycle-process:2.6.2] AndroidManifest.xml:31:17-49
243            <meta-data
243-->[androidx.profileinstaller:profileinstaller:1.3.0] AndroidManifest.xml:29:13-31:52
244                android:name="androidx.profileinstaller.ProfileInstallerInitializer"
244-->[androidx.profileinstaller:profileinstaller:1.3.0] AndroidManifest.xml:30:17-85
245                android:value="androidx.startup" />
245-->[androidx.profileinstaller:profileinstaller:1.3.0] AndroidManifest.xml:31:17-49
246        </provider>
247
248        <meta-data
248-->[com.google.android.gms:play-services-basement:18.3.0] AndroidManifest.xml:21:9-23:69
249            android:name="com.google.android.gms.version"
249-->[com.google.android.gms:play-services-basement:18.3.0] AndroidManifest.xml:22:13-58
250            android:value="@integer/google_play_services_version" />
250-->[com.google.android.gms:play-services-basement:18.3.0] AndroidManifest.xml:23:13-66
251
252        <service
252-->[com.google.android.datatransport:transport-backend-cct:3.1.8] AndroidManifest.xml:28:9-34:19
253            android:name="com.google.android.datatransport.runtime.backends.TransportBackendDiscovery"
253-->[com.google.android.datatransport:transport-backend-cct:3.1.8] AndroidManifest.xml:29:13-103
254            android:exported="false" >
254-->[com.google.android.datatransport:transport-backend-cct:3.1.8] AndroidManifest.xml:30:13-37
255            <meta-data
255-->[com.google.android.datatransport:transport-backend-cct:3.1.8] AndroidManifest.xml:31:13-33:39
256                android:name="backend:com.google.android.datatransport.cct.CctBackendFactory"
256-->[com.google.android.datatransport:transport-backend-cct:3.1.8] AndroidManifest.xml:32:17-94
257                android:value="cct" />
257-->[com.google.android.datatransport:transport-backend-cct:3.1.8] AndroidManifest.xml:33:17-36
258        </service>
259        <service
259-->[com.google.android.datatransport:transport-runtime:3.1.8] AndroidManifest.xml:26:9-30:19
260            android:name="com.google.android.datatransport.runtime.scheduling.jobscheduling.JobInfoSchedulerService"
260-->[com.google.android.datatransport:transport-runtime:3.1.8] AndroidManifest.xml:27:13-117
261            android:exported="false"
261-->[com.google.android.datatransport:transport-runtime:3.1.8] AndroidManifest.xml:28:13-37